# JRE version: OpenJDK Runtime Environment Temurin-17.0.10+7 (17.0.10+7) (build 17.0.10+7)
# Java VM: OpenJDK 64-Bit Server VM Temurin-17.0.10+7 (17.0.10+7, mixed mode, tiered, compressed oops, compressed class ptrs, parallel gc, windows-amd64)
GC Precious Log:
 CPUs: 8 total, 8 available
 Memory: 12124M
 Large Page Support: Disabled
 NUMA Support: Disabled
 Compressed Oops: Enabled (32-bit)
 Alignments: Space 512K, Generation 512K, Heap 2M
 Heap Min Capacity: 100M
 Heap Initial Capacity: 100M
 Heap Max Capacity: 1G
 Pre-touch: Disabled
 Parallel Workers: 8
Heap:
 PSYoungGen      total 29696K, used 13165K [0x00000000eab00000, 0x00000000ed480000, 0x0000000100000000)
  eden space 18432K, 12% used [0x00000000eab00000,0x00000000ead3b550,0x00000000ebd00000)
  from space 11264K, 96% used [0x00000000ec980000,0x00000000ed420000,0x00000000ed480000)
  to   space 11776K, 0% used [0x00000000ebd80000,0x00000000ebd80000,0x00000000ec900000)
 ParOldGen       total 90624K, used 67784K [0x00000000c0000000, 0x00000000c5880000, 0x00000000eab00000)
  object space 90624K, 74% used [0x00000000c0000000,0x00000000c42322e8,0x00000000c5880000)
 Metaspace       used 67804K, committed 69056K, reserved 1114112K
  class space    used 7364K, committed 7872K, reserved 1048576K
GC Heap History (20 events):
Event: 21.652 GC heap before
{Heap before GC invocations=31 (full 3):
 PSYoungGen      total 24576K, used 18432K [0x00000000eab00000, 0x00000000ec680000, 0x0000000100000000)
  eden space 18432K, 100% used [0x00000000eab00000,0x00000000ebd00000,0x00000000ebd00000)
  from space 6144K, 0% used [0x00000000ebd00000,0x00000000ebd00000,0x00000000ec300000)
  to   space 3072K, 0% used [0x00000000ec380000,0x00000000ec380000,0x00000000ec680000)
 ParOldGen       total 68608K, used 38353K [0x00000000c0000000, 0x00000000c4300000, 0x00000000eab00000)
  object space 68608K, 55% used [0x00000000c0000000,0x00000000c25746f0,0x00000000c4300000)
 Metaspace       used 60226K, committed 61376K, reserved 1114112K
  class space    used 6622K, committed 7168K, reserved 1048576K
}
Event: 21.654 GC heap after
{Heap after GC invocations=31 (full 3):
 PSYoungGen      total 19456K, used 713K [0x00000000eab00000, 0x00000000ec480000, 0x0000000100000000)
  eden space 18432K, 0% used [0x00000000eab00000,0x00000000eab00000,0x00000000ebd00000)
  from space 1024K, 69% used [0x00000000ec380000,0x00000000ec4326b0,0x00000000ec480000)
  to   space 1536K, 0% used [0x00000000ec180000,0x00000000ec180000,0x00000000ec300000)
 ParOldGen       total 68608K, used 38361K [0x00000000c0000000, 0x00000000c4300000, 0x00000000eab00000)
  object space 68608K, 55% used [0x00000000c0000000,0x00000000c25766f0,0x00000000c4300000)
 Metaspace       used 60226K, committed 61376K, reserved 1114112K
  class space    used 6622K, committed 7168K, reserved 1048576K
}
Event: 22.079 GC heap before
{Heap before GC invocations=32 (full 3):
 PSYoungGen      total 19456K, used 19145K [0x00000000eab00000, 0x00000000ec480000, 0x0000000100000000)
  eden space 18432K, 100% used [0x00000000eab00000,0x00000000ebd00000,0x00000000ebd00000)
  from space 1024K, 69% used [0x00000000ec380000,0x00000000ec4326b0,0x00000000ec480000)
  to   space 1536K, 0% used [0x00000000ec180000,0x00000000ec180000,0x00000000ec300000)
 ParOldGen       total 68608K, used 38361K [0x00000000c0000000, 0x00000000c4300000, 0x00000000eab00000)
  object space 68608K, 55% used [0x00000000c0000000,0x00000000c25766f0,0x00000000c4300000)
 Metaspace       used 60908K, committed 62080K, reserved 1114112K
  class space    used 6718K, committed 7232K, reserved 1048576K
}
Event: 22.080 GC heap after
{Heap after GC invocations=32 (full 3):
 PSYoungGen      total 19968K, used 256K [0x00000000eab00000, 0x00000000ec400000, 0x0000000100000000)
  eden space 18432K, 0% used [0x00000000eab00000,0x00000000eab00000,0x00000000ebd00000)
  from space 1536K, 16% used [0x00000000ec180000,0x00000000ec1c0000,0x00000000ec300000)
  to   space 512K, 0% used [0x00000000ec380000,0x00000000ec380000,0x00000000ec400000)
 ParOldGen       total 68608K, used 38964K [0x00000000c0000000, 0x00000000c4300000, 0x00000000eab00000)
  object space 68608K, 56% used [0x00000000c0000000,0x00000000c260d348,0x00000000c4300000)
 Metaspace       used 60908K, committed 62080K, reserved 1114112K
  class space    used 6718K, committed 7232K, reserved 1048576K
}
Event: 22.360 GC heap before
{Heap before GC invocations=33 (full 3):
 PSYoungGen      total 19968K, used 18688K [0x00000000eab00000, 0x00000000ec400000, 0x0000000100000000)
  eden space 18432K, 100% used [0x00000000eab00000,0x00000000ebd00000,0x00000000ebd00000)
  from space 1536K, 16% used [0x00000000ec180000,0x00000000ec1c0000,0x00000000ec300000)
  to   space 512K, 0% used [0x00000000ec380000,0x00000000ec380000,0x00000000ec400000)
 ParOldGen       total 68608K, used 38964K [0x00000000c0000000, 0x00000000c4300000, 0x00000000eab00000)
  object space 68608K, 56% used [0x00000000c0000000,0x00000000c260d348,0x00000000c4300000)
 Metaspace       used 62131K, committed 63232K, reserved 1114112K
  class space    used 6851K, committed 7360K, reserved 1048576K
}
Event: 22.361 GC heap after
{Heap after GC invocations=33 (full 3):
 PSYoungGen      total 18944K, used 480K [0x00000000eab00000, 0x00000000ec400000, 0x0000000100000000)
  eden space 18432K, 0% used [0x00000000eab00000,0x00000000eab00000,0x00000000ebd00000)
  from space 512K, 93% used [0x00000000ec380000,0x00000000ec3f8010,0x00000000ec400000)
  to   space 1024K, 0% used [0x00000000ec200000,0x00000000ec200000,0x00000000ec300000)
 ParOldGen       total 68608K, used 39148K [0x00000000c0000000, 0x00000000c4300000, 0x00000000eab00000)
  object space 68608K, 57% used [0x00000000c0000000,0x00000000c263b358,0x00000000c4300000)
 Metaspace       used 62131K, committed 63232K, reserved 1114112K
  class space    used 6851K, committed 7360K, reserved 1048576K
}
Event: 22.514 GC heap before
{Heap before GC invocations=34 (full 3):
 PSYoungGen      total 18944K, used 18912K [0x00000000eab00000, 0x00000000ec400000, 0x0000000100000000)
  eden space 18432K, 100% used [0x00000000eab00000,0x00000000ebd00000,0x00000000ebd00000)
  from space 512K, 93% used [0x00000000ec380000,0x00000000ec3f8010,0x00000000ec400000)
  to   space 1024K, 0% used [0x00000000ec200000,0x00000000ec200000,0x00000000ec300000)
 ParOldGen       total 68608K, used 39148K [0x00000000c0000000, 0x00000000c4300000, 0x00000000eab00000)
  object space 68608K, 57% used [0x00000000c0000000,0x00000000c263b358,0x00000000c4300000)
 Metaspace       used 63488K, committed 64640K, reserved 1114112K
  class space    used 6950K, committed 7424K, reserved 1048576K
}
Event: 22.516 GC heap after
{Heap after GC invocations=34 (full 3):
 PSYoungGen      total 19456K, used 1023K [0x00000000eab00000, 0x00000000ec400000, 0x0000000100000000)
  eden space 18432K, 0% used [0x00000000eab00000,0x00000000eab00000,0x00000000ebd00000)
  from space 1024K, 99% used [0x00000000ec200000,0x00000000ec2ffe20,0x00000000ec300000)
  to   space 1024K, 0% used [0x00000000ec300000,0x00000000ec300000,0x00000000ec400000)
 ParOldGen       total 68608K, used 40212K [0x00000000c0000000, 0x00000000c4300000, 0x00000000eab00000)
  object space 68608K, 58% used [0x00000000c0000000,0x00000000c27453d8,0x00000000c4300000)
 Metaspace       used 63488K, committed 64640K, reserved 1114112K
  class space    used 6950K, committed 7424K, reserved 1048576K
}
Event: 22.600 GC heap before
{Heap before GC invocations=35 (full 3):
 PSYoungGen      total 19456K, used 19455K [0x00000000eab00000, 0x00000000ec400000, 0x0000000100000000)
  eden space 18432K, 100% used [0x00000000eab00000,0x00000000ebd00000,0x00000000ebd00000)
  from space 1024K, 99% used [0x00000000ec200000,0x00000000ec2ffe20,0x00000000ec300000)
  to   space 1024K, 0% used [0x00000000ec300000,0x00000000ec300000,0x00000000ec400000)
 ParOldGen       total 68608K, used 40212K [0x00000000c0000000, 0x00000000c4300000, 0x00000000eab00000)
  object space 68608K, 58% used [0x00000000c0000000,0x00000000c27453d8,0x00000000c4300000)
 Metaspace       used 63505K, committed 64640K, reserved 1114112K
  class space    used 6950K, committed 7424K, reserved 1048576K
}
Event: 22.601 GC heap after
{Heap after GC invocations=35 (full 3):
 PSYoungGen      total 19456K, used 890K [0x00000000eab00000, 0x00000000ec400000, 0x0000000100000000)
  eden space 18432K, 0% used [0x00000000eab00000,0x00000000eab00000,0x00000000ebd00000)
  from space 1024K, 86% used [0x00000000ec300000,0x00000000ec3deab0,0x00000000ec400000)
  to   space 1536K, 0% used [0x00000000ec100000,0x00000000ec100000,0x00000000ec280000)
 ParOldGen       total 68608K, used 41171K [0x00000000c0000000, 0x00000000c4300000, 0x00000000eab00000)
  object space 68608K, 60% used [0x00000000c0000000,0x00000000c2834c78,0x00000000c4300000)
 Metaspace       used 63505K, committed 64640K, reserved 1114112K
  class space    used 6950K, committed 7424K, reserved 1048576K
}
Event: 22.997 GC heap before
{Heap before GC invocations=36 (full 3):
 PSYoungGen      total 19456K, used 19322K [0x00000000eab00000, 0x00000000ec400000, 0x0000000100000000)
  eden space 18432K, 100% used [0x00000000eab00000,0x00000000ebd00000,0x00000000ebd00000)
  from space 1024K, 86% used [0x00000000ec300000,0x00000000ec3deab0,0x00000000ec400000)
  to   space 1536K, 0% used [0x00000000ec100000,0x00000000ec100000,0x00000000ec280000)
 ParOldGen       total 68608K, used 41171K [0x00000000c0000000, 0x00000000c4300000, 0x00000000eab00000)
  object space 68608K, 60% used [0x00000000c0000000,0x00000000c2834c78,0x00000000c4300000)
 Metaspace       used 65392K, committed 66496K, reserved 1114112K
  class space    used 7113K, committed 7616K, reserved 1048576K
}
Event: 22.998 GC heap after
{Heap after GC invocations=36 (full 3):
 PSYoungGen      total 19968K, used 480K [0x00000000eab00000, 0x00000000ec380000, 0x0000000100000000)
  eden space 18432K, 0% used [0x00000000eab00000,0x00000000eab00000,0x00000000ebd00000)
  from space 1536K, 31% used [0x00000000ec100000,0x00000000ec178000,0x00000000ec280000)
  to   space 1024K, 0% used [0x00000000ec280000,0x00000000ec280000,0x00000000ec380000)
 ParOldGen       total 68608K, used 41187K [0x00000000c0000000, 0x00000000c4300000, 0x00000000eab00000)
  object space 68608K, 60% used [0x00000000c0000000,0x00000000c2838c78,0x00000000c4300000)
 Metaspace       used 65392K, committed 66496K, reserved 1114112K
  class space    used 7113K, committed 7616K, reserved 1048576K
}
Event: 23.207 GC heap before
{Heap before GC invocations=37 (full 3):
 PSYoungGen      total 19968K, used 18912K [0x00000000eab00000, 0x00000000ec380000, 0x0000000100000000)
  eden space 18432K, 100% used [0x00000000eab00000,0x00000000ebd00000,0x00000000ebd00000)
  from space 1536K, 31% used [0x00000000ec100000,0x00000000ec178000,0x00000000ec280000)
  to   space 1024K, 0% used [0x00000000ec280000,0x00000000ec280000,0x00000000ec380000)
 ParOldGen       total 68608K, used 41187K [0x00000000c0000000, 0x00000000c4300000, 0x00000000eab00000)
  object space 68608K, 60% used [0x00000000c0000000,0x00000000c2838c78,0x00000000c4300000)
 Metaspace       used 66096K, committed 67264K, reserved 1114112K
  class space    used 7190K, committed 7680K, reserved 1048576K
}
Event: 23.210 GC heap after
{Heap after GC invocations=37 (full 3):
 PSYoungGen      total 19456K, used 713K [0x00000000eab00000, 0x00000000ec380000, 0x0000000100000000)
  eden space 18432K, 0% used [0x00000000eab00000,0x00000000eab00000,0x00000000ebd00000)
  from space 1024K, 69% used [0x00000000ec280000,0x00000000ec3324a0,0x00000000ec380000)
  to   space 1024K, 0% used [0x00000000ec180000,0x00000000ec180000,0x00000000ec280000)
 ParOldGen       total 68608K, used 41499K [0x00000000c0000000, 0x00000000c4300000, 0x00000000eab00000)
  object space 68608K, 60% used [0x00000000c0000000,0x00000000c2886c78,0x00000000c4300000)
 Metaspace       used 66096K, committed 67264K, reserved 1114112K
  class space    used 7190K, committed 7680K, reserved 1048576K
}
Event: 23.319 GC heap before
{Heap before GC invocations=38 (full 3):
 PSYoungGen      total 19456K, used 16362K [0x00000000eab00000, 0x00000000ec380000, 0x0000000100000000)
  eden space 18432K, 84% used [0x00000000eab00000,0x00000000eba485f0,0x00000000ebd00000)
  from space 1024K, 69% used [0x00000000ec280000,0x00000000ec3324a0,0x00000000ec380000)
  to   space 1024K, 0% used [0x00000000ec180000,0x00000000ec180000,0x00000000ec280000)
 ParOldGen       total 68608K, used 41499K [0x00000000c0000000, 0x00000000c4300000, 0x00000000eab00000)
  object space 68608K, 60% used [0x00000000c0000000,0x00000000c2886c78,0x00000000c4300000)
 Metaspace       used 66309K, committed 67456K, reserved 1114112K
  class space    used 7206K, committed 7680K, reserved 1048576K
}
Event: 23.327 GC heap after
{Heap after GC invocations=38 (full 3):
 PSYoungGen      total 19456K, used 334K [0x00000000eab00000, 0x00000000ec300000, 0x0000000100000000)
  eden space 18432K, 0% used [0x00000000eab00000,0x00000000eab00000,0x00000000ebd00000)
  from space 1024K, 32% used [0x00000000ec180000,0x00000000ec1d3928,0x00000000ec280000)
  to   space 512K, 0% used [0x00000000ec280000,0x00000000ec280000,0x00000000ec300000)
 ParOldGen       total 68608K, used 48564K [0x00000000c0000000, 0x00000000c4300000, 0x00000000eab00000)
  object space 68608K, 70% used [0x00000000c0000000,0x00000000c2f6d1b8,0x00000000c4300000)
 Metaspace       used 66309K, committed 67456K, reserved 1114112K
  class space    used 7206K, committed 7680K, reserved 1048576K
}
Event: 23.461 GC heap before
{Heap before GC invocations=39 (full 4):
 PSYoungGen      total 19456K, used 18766K [0x00000000eab00000, 0x00000000ec300000, 0x0000000100000000)
  eden space 18432K, 100% used [0x00000000eab00000,0x00000000ebd00000,0x00000000ebd00000)
  from space 1024K, 32% used [0x00000000ec180000,0x00000000ec1d3928,0x00000000ec280000)
  to   space 512K, 0% used [0x00000000ec280000,0x00000000ec280000,0x00000000ec300000)
 ParOldGen       total 91136K, used 85903K [0x00000000c0000000, 0x00000000c5900000, 0x00000000eab00000)
  object space 91136K, 94% used [0x00000000c0000000,0x00000000c53e3d08,0x00000000c5900000)
 Metaspace       used 66984K, committed 68224K, reserved 1114112K
  class space    used 7277K, committed 7808K, reserved 1048576K
}
Event: 23.518 GC heap after
{Heap after GC invocations=39 (full 4):
 PSYoungGen      total 18944K, used 0K [0x00000000eab00000, 0x00000000ec300000, 0x0000000100000000)
  eden space 18432K, 0% used [0x00000000eab00000,0x00000000eab00000,0x00000000ebd00000)
  from space 512K, 0% used [0x00000000ec280000,0x00000000ec280000,0x00000000ec300000)
  to   space 512K, 0% used [0x00000000ec200000,0x00000000ec200000,0x00000000ec280000)
 ParOldGen       total 90624K, used 56840K [0x00000000c0000000, 0x00000000c5880000, 0x00000000eab00000)
  object space 90624K, 62% used [0x00000000c0000000,0x00000000c37822e8,0x00000000c5880000)
 Metaspace       used 66984K, committed 68224K, reserved 1114112K
  class space    used 7277K, committed 7808K, reserved 1048576K
}
Event: 23.621 GC heap before
{Heap before GC invocations=40 (full 4):
 PSYoungGen      total 18944K, used 18432K [0x00000000eab00000, 0x00000000ec300000, 0x0000000100000000)
  eden space 18432K, 100% used [0x00000000eab00000,0x00000000ebd00000,0x00000000ebd00000)
  from space 512K, 0% used [0x00000000ec280000,0x00000000ec280000,0x00000000ec300000)
  to   space 512K, 0% used [0x00000000ec200000,0x00000000ec200000,0x00000000ec280000)
 ParOldGen       total 90624K, used 56840K [0x00000000c0000000, 0x00000000c5880000, 0x00000000eab00000)
  object space 90624K, 62% used [0x00000000c0000000,0x00000000c37822e8,0x00000000c5880000)
 Metaspace       used 67414K, committed 68736K, reserved 1114112K
  class space    used 7322K, committed 7872K, reserved 1048576K
}
Event: 23.627 GC heap after
{Heap after GC invocations=40 (full 4):
 PSYoungGen      total 18944K, used 512K [0x00000000eab00000, 0x00000000ed600000, 0x0000000100000000)
  eden space 18432K, 0% used [0x00000000eab00000,0x00000000eab00000,0x00000000ebd00000)
  from space 512K, 100% used [0x00000000ec200000,0x00000000ec280000,0x00000000ec280000)
  to   space 12800K, 0% used [0x00000000ec980000,0x00000000ec980000,0x00000000ed600000)
 ParOldGen       total 90624K, used 67256K [0x00000000c0000000, 0x00000000c5880000, 0x00000000eab00000)
  object space 90624K, 74% used [0x00000000c0000000,0x00000000c41ae2e8,0x00000000c5880000)
 Metaspace       used 67414K, committed 68736K, reserved 1114112K
  class space    used 7322K, committed 7872K, reserved 1048576K
}

